2025-02-26 16:36:20,182 - INFO - Epoch [1/50] - Train Loss: 0.0892 - Val Loss: 0.0354
2025-02-26 16:37:00,405 - INFO - Epoch [1/50] - Train Loss: 0.1939 - Val Loss: 0.0173
2025-02-26 16:37:00,719 - INFO - Epoch [2/50] - Train Loss: 0.0405 - Val Loss: 0.0106
2025-02-26 16:37:01,032 - INFO - Epoch [3/50] - Train Loss: 0.0358 - Val Loss: 0.0168
2025-02-26 16:37:01,343 - INFO - Epoch [4/50] - Train Loss: 0.0318 - Val Loss: 0.0154
2025-02-26 16:37:01,663 - INFO - Epoch [5/50] - Train Loss: 0.0325 - Val Loss: 0.0152
2025-02-26 16:37:02,028 - INFO - Epoch [6/50] - Train Loss: 0.0307 - Val Loss: 0.0166
2025-02-26 16:37:02,356 - INFO - Epoch [7/50] - Train Loss: 0.0319 - Val Loss: 0.0150
2025-02-26 16:37:02,356 - INFO - Early stopping triggered!
2025-02-26 16:37:02,356 - INFO - Training complete. Model saved.
2025-02-26 17:08:03,217 - INFO - Epoch [1/50] - Train Loss: 0.3519 - Val Loss: 0.1406
2025-02-26 17:08:03,404 - INFO - Epoch [2/50] - Train Loss: 0.0986 - Val Loss: 0.0392
2025-02-26 17:08:03,627 - INFO - Epoch [3/50] - Train Loss: 0.0679 - Val Loss: 0.0047
2025-02-26 17:08:03,837 - INFO - Epoch [4/50] - Train Loss: 0.0610 - Val Loss: 0.0120
2025-02-26 17:08:04,011 - INFO - Epoch [5/50] - Train Loss: 0.0516 - Val Loss: 0.0016
2025-02-26 17:08:04,184 - INFO - Epoch [6/50] - Train Loss: 0.0503 - Val Loss: 0.0021
2025-02-26 17:08:04,362 - INFO - Epoch [7/50] - Train Loss: 0.0482 - Val Loss: 0.0022
2025-02-26 17:08:04,543 - INFO - Epoch [8/50] - Train Loss: 0.0485 - Val Loss: 0.0017
2025-02-26 17:08:04,724 - INFO - Epoch [9/50] - Train Loss: 0.0488 - Val Loss: 0.0012
2025-02-26 17:08:04,908 - INFO - Epoch [10/50] - Train Loss: 0.0487 - Val Loss: 0.0012
2025-02-26 17:08:05,083 - INFO - Epoch [11/50] - Train Loss: 0.0492 - Val Loss: 0.0010
2025-02-26 17:08:05,256 - INFO - Epoch [12/50] - Train Loss: 0.0492 - Val Loss: 0.0010
2025-02-26 17:08:05,432 - INFO - Epoch [13/50] - Train Loss: 0.0497 - Val Loss: 0.0011
2025-02-26 17:08:05,611 - INFO - Epoch [14/50] - Train Loss: 0.0473 - Val Loss: 0.0010
2025-02-26 17:08:05,793 - INFO - Epoch [15/50] - Train Loss: 0.0470 - Val Loss: 0.0009
2025-02-26 17:08:05,976 - INFO - Epoch [16/50] - Train Loss: 0.0514 - Val Loss: 0.0013
2025-02-26 17:08:06,157 - INFO - Epoch [17/50] - Train Loss: 0.0484 - Val Loss: 0.0017
2025-02-26 17:08:06,336 - INFO - Epoch [18/50] - Train Loss: 0.0478 - Val Loss: 0.0016
2025-02-26 17:08:06,515 - INFO - Epoch [19/50] - Train Loss: 0.0476 - Val Loss: 0.0009
2025-02-26 17:08:06,700 - INFO - Epoch [20/50] - Train Loss: 0.0494 - Val Loss: 0.0011
2025-02-26 17:08:06,892 - INFO - Epoch [21/50] - Train Loss: 0.0471 - Val Loss: 0.0012
2025-02-26 17:08:07,082 - INFO - Epoch [22/50] - Train Loss: 0.0474 - Val Loss: 0.0010
2025-02-26 17:08:07,257 - INFO - Epoch [23/50] - Train Loss: 0.0478 - Val Loss: 0.0009
2025-02-26 17:08:07,462 - INFO - Epoch [24/50] - Train Loss: 0.0485 - Val Loss: 0.0009
2025-02-26 17:08:07,648 - INFO - Epoch [25/50] - Train Loss: 0.0481 - Val Loss: 0.0009
2025-02-26 17:08:07,829 - INFO - Epoch [26/50] - Train Loss: 0.0494 - Val Loss: 0.0009
2025-02-26 17:08:08,012 - INFO - Epoch [27/50] - Train Loss: 0.0487 - Val Loss: 0.0015
2025-02-26 17:08:08,192 - INFO - Epoch [28/50] - Train Loss: 0.0483 - Val Loss: 0.0013
2025-02-26 17:08:08,376 - INFO - Epoch [29/50] - Train Loss: 0.0477 - Val Loss: 0.0010
2025-02-26 17:08:08,556 - INFO - Epoch [30/50] - Train Loss: 0.0489 - Val Loss: 0.0010
2025-02-26 17:08:08,739 - INFO - Epoch [31/50] - Train Loss: 0.0483 - Val Loss: 0.0010
2025-02-26 17:08:08,739 - INFO - Early stopping triggered!
2025-02-26 17:08:08,740 - INFO - Training complete. Model saved.
2025-02-26 17:31:00,748 - INFO - Epoch [1/50] - Train Loss: 0.2092 - Val Loss: 0.0103
2025-02-26 17:31:01,093 - INFO - Epoch [2/50] - Train Loss: 0.0424 - Val Loss: 0.0106
2025-02-26 17:31:01,446 - INFO - Epoch [3/50] - Train Loss: 0.0347 - Val Loss: 0.0185
2025-02-26 17:31:01,796 - INFO - Epoch [4/50] - Train Loss: 0.0320 - Val Loss: 0.0132
2025-02-26 17:31:02,144 - INFO - Epoch [5/50] - Train Loss: 0.0320 - Val Loss: 0.0170
2025-02-26 17:31:02,506 - INFO - Epoch [6/50] - Train Loss: 0.0317 - Val Loss: 0.0164
2025-02-26 17:31:02,507 - INFO - Early stopping triggered!
2025-02-26 17:31:02,507 - INFO - Training complete. Model saved.
2025-02-26 17:32:01,264 - INFO - Epoch [1/50] - Train Loss: 0.2230 - Val Loss: 0.0684
2025-02-26 17:32:01,487 - INFO - Epoch [2/50] - Train Loss: 0.0709 - Val Loss: 0.0218
2025-02-26 17:32:01,690 - INFO - Epoch [3/50] - Train Loss: 0.0614 - Val Loss: 0.0056
2025-02-26 17:32:01,907 - INFO - Epoch [4/50] - Train Loss: 0.0524 - Val Loss: 0.0052
2025-02-26 17:32:02,139 - INFO - Epoch [5/50] - Train Loss: 0.0490 - Val Loss: 0.0010
2025-02-26 17:32:02,352 - INFO - Epoch [6/50] - Train Loss: 0.0486 - Val Loss: 0.0010
2025-02-26 17:32:02,547 - INFO - Epoch [7/50] - Train Loss: 0.0484 - Val Loss: 0.0011
2025-02-26 17:32:02,743 - INFO - Epoch [8/50] - Train Loss: 0.0499 - Val Loss: 0.0009
2025-02-26 17:32:02,939 - INFO - Epoch [9/50] - Train Loss: 0.0476 - Val Loss: 0.0010
2025-02-26 17:32:03,132 - INFO - Epoch [10/50] - Train Loss: 0.0470 - Val Loss: 0.0013
2025-02-26 17:32:03,357 - INFO - Epoch [11/50] - Train Loss: 0.0473 - Val Loss: 0.0009
2025-02-26 17:32:03,565 - INFO - Epoch [12/50] - Train Loss: 0.0471 - Val Loss: 0.0010
2025-02-26 17:32:03,755 - INFO - Epoch [13/50] - Train Loss: 0.0477 - Val Loss: 0.0009
2025-02-26 17:32:03,945 - INFO - Epoch [14/50] - Train Loss: 0.0467 - Val Loss: 0.0010
2025-02-26 17:32:04,137 - INFO - Epoch [15/50] - Train Loss: 0.0485 - Val Loss: 0.0010
2025-02-26 17:32:04,325 - INFO - Epoch [16/50] - Train Loss: 0.0493 - Val Loss: 0.0011
2025-02-26 17:32:04,516 - INFO - Epoch [17/50] - Train Loss: 0.0480 - Val Loss: 0.0009
2025-02-26 17:32:04,718 - INFO - Epoch [18/50] - Train Loss: 0.0486 - Val Loss: 0.0009
2025-02-26 17:32:04,915 - INFO - Epoch [19/50] - Train Loss: 0.0483 - Val Loss: 0.0011
2025-02-26 17:32:05,146 - INFO - Epoch [20/50] - Train Loss: 0.0494 - Val Loss: 0.0010
2025-02-26 17:32:05,348 - INFO - Epoch [21/50] - Train Loss: 0.0489 - Val Loss: 0.0009
2025-02-26 17:32:05,541 - INFO - Epoch [22/50] - Train Loss: 0.0476 - Val Loss: 0.0013
2025-02-26 17:32:05,734 - INFO - Epoch [23/50] - Train Loss: 0.0486 - Val Loss: 0.0010
2025-02-26 17:32:05,734 - INFO - Early stopping triggered!
2025-02-26 17:32:05,734 - INFO - Training complete. Model saved.
2025-02-26 17:34:59,941 - INFO - Epoch [1/50] - Train Loss: 0.2578 - Val Loss: 0.1059
2025-02-26 17:35:00,132 - INFO - Epoch [2/50] - Train Loss: 0.0874 - Val Loss: 0.0143
2025-02-26 17:35:00,305 - INFO - Epoch [3/50] - Train Loss: 0.0684 - Val Loss: 0.0011
2025-02-26 17:35:00,483 - INFO - Epoch [4/50] - Train Loss: 0.0516 - Val Loss: 0.0067
2025-02-26 17:35:00,662 - INFO - Epoch [5/50] - Train Loss: 0.0506 - Val Loss: 0.0012
2025-02-26 17:35:00,840 - INFO - Epoch [6/50] - Train Loss: 0.0480 - Val Loss: 0.0016
2025-02-26 17:35:01,012 - INFO - Epoch [7/50] - Train Loss: 0.0490 - Val Loss: 0.0009
2025-02-26 17:35:01,215 - INFO - Epoch [8/50] - Train Loss: 0.0479 - Val Loss: 0.0010
2025-02-26 17:35:01,387 - INFO - Epoch [9/50] - Train Loss: 0.0475 - Val Loss: 0.0010
2025-02-26 17:35:01,566 - INFO - Epoch [10/50] - Train Loss: 0.0486 - Val Loss: 0.0009
2025-02-26 17:35:01,747 - INFO - Epoch [11/50] - Train Loss: 0.0482 - Val Loss: 0.0009
2025-02-26 17:35:01,917 - INFO - Epoch [12/50] - Train Loss: 0.0483 - Val Loss: 0.0011
2025-02-26 17:35:01,917 - INFO - Early stopping triggered!
2025-02-26 17:35:01,917 - INFO - Training complete. Model saved.
2025-02-27 10:58:47,536 - INFO - Epoch [1/50] - Train Loss: 0.0727 - Val Loss: 0.0117
2025-02-27 10:58:49,052 - INFO - Epoch [2/50] - Train Loss: 0.0418 - Val Loss: 0.0193
2025-02-27 10:58:50,602 - INFO - Epoch [3/50] - Train Loss: 0.0414 - Val Loss: 0.0154
2025-02-27 10:58:52,112 - INFO - Epoch [4/50] - Train Loss: 0.0416 - Val Loss: 0.0149
2025-02-27 10:58:53,718 - INFO - Epoch [5/50] - Train Loss: 0.0420 - Val Loss: 0.0238
2025-02-27 10:58:55,473 - INFO - Epoch [6/50] - Train Loss: 0.0415 - Val Loss: 0.0245
2025-02-27 10:58:55,473 - INFO - Early stopping triggered!
2025-02-27 10:58:55,473 - INFO - Training complete. Model saved.
2025-02-27 13:15:21,299 - INFO - Training started for baseline LSTM model
2025-02-27 13:15:22,297 - INFO - Model initialized. Training for 50 epochs.
2025-02-27 13:16:14,938 - INFO - Training started for baseline LSTM model
2025-02-27 13:16:15,876 - INFO - Model initialized. Training for 50 epochs.
2025-02-27 13:16:17,773 - INFO - Epoch [1/50] - Train Loss: 0.0911 - Val Loss: 0.0281
2025-02-27 13:16:19,617 - INFO - Epoch [2/50] - Train Loss: 0.0417 - Val Loss: 0.0224
2025-02-27 13:16:21,434 - INFO - Epoch [3/50] - Train Loss: 0.0421 - Val Loss: 0.0295
2025-02-27 13:16:23,299 - INFO - Epoch [4/50] - Train Loss: 0.0421 - Val Loss: 0.0235
2025-02-27 13:16:25,229 - INFO - Epoch [5/50] - Train Loss: 0.0426 - Val Loss: 0.0214
2025-02-27 13:16:27,056 - INFO - Epoch [6/50] - Train Loss: 0.0416 - Val Loss: 0.0313
2025-02-27 13:16:28,940 - INFO - Epoch [7/50] - Train Loss: 0.0423 - Val Loss: 0.0208
2025-02-27 13:16:30,801 - INFO - Epoch [8/50] - Train Loss: 0.0416 - Val Loss: 0.0186
2025-02-27 13:16:32,634 - INFO - Epoch [9/50] - Train Loss: 0.0417 - Val Loss: 0.0189
2025-02-27 13:16:34,795 - INFO - Epoch [10/50] - Train Loss: 0.0417 - Val Loss: 0.0174
2025-02-27 13:16:37,022 - INFO - Epoch [11/50] - Train Loss: 0.0417 - Val Loss: 0.0353
2025-02-27 13:16:39,271 - INFO - Epoch [12/50] - Train Loss: 0.0420 - Val Loss: 0.0248
2025-02-27 13:16:41,542 - INFO - Epoch [13/50] - Train Loss: 0.0420 - Val Loss: 0.0234
2025-02-27 13:16:43,810 - INFO - Epoch [14/50] - Train Loss: 0.0409 - Val Loss: 0.0243
2025-02-27 13:16:45,903 - INFO - Epoch [15/50] - Train Loss: 0.0415 - Val Loss: 0.0241
2025-02-27 13:16:45,903 - INFO - Early stopping triggered!
2025-02-27 13:16:45,903 - INFO - Training complete. Model saved.
2025-02-27 13:40:04,905 - INFO - Training started for baseline LSTM model
2025-02-27 13:40:05,690 - INFO - Model initialized. Training for 50 epochs.
2025-02-27 13:40:08,635 - INFO - Epoch [1/50] - Train Loss: 0.0494 - Val Loss: 0.0273
2025-02-27 13:40:11,637 - INFO - Epoch [2/50] - Train Loss: 0.0422 - Val Loss: 0.0146
2025-02-27 13:40:14,771 - INFO - Epoch [3/50] - Train Loss: 0.0427 - Val Loss: 0.0178
2025-02-27 13:40:17,897 - INFO - Epoch [4/50] - Train Loss: 0.0418 - Val Loss: 0.0163
2025-02-27 13:40:20,995 - INFO - Epoch [5/50] - Train Loss: 0.0416 - Val Loss: 0.0188
2025-02-27 13:40:24,373 - INFO - Epoch [6/50] - Train Loss: 0.0413 - Val Loss: 0.0177
2025-02-27 13:40:28,545 - INFO - Epoch [7/50] - Train Loss: 0.0426 - Val Loss: 0.0110
2025-02-27 13:40:32,329 - INFO - Epoch [8/50] - Train Loss: 0.0422 - Val Loss: 0.0281
2025-02-27 13:40:36,174 - INFO - Epoch [9/50] - Train Loss: 0.0424 - Val Loss: 0.0227
2025-02-27 13:40:40,542 - INFO - Epoch [10/50] - Train Loss: 0.0418 - Val Loss: 0.0254
2025-02-27 13:40:45,099 - INFO - Epoch [11/50] - Train Loss: 0.0424 - Val Loss: 0.0161
2025-02-27 13:40:49,933 - INFO - Epoch [12/50] - Train Loss: 0.0417 - Val Loss: 0.0201
2025-02-27 13:40:49,934 - INFO - Early stopping triggered!
2025-02-27 13:40:49,934 - INFO - Training complete. Model saved.
2025-02-27 13:45:18,794 - INFO - Training started for baseline LSTM model
2025-02-27 13:45:19,671 - INFO - Model initialized. Training for 50 epochs.
2025-02-27 13:45:22,622 - INFO - Epoch [1/50] - Train Loss: 0.0705 - Val Loss: 0.0141
2025-02-27 13:45:25,492 - INFO - Epoch [2/50] - Train Loss: 0.0421 - Val Loss: 0.0161
2025-02-27 13:45:28,370 - INFO - Epoch [3/50] - Train Loss: 0.0412 - Val Loss: 0.0245
2025-02-27 13:45:31,408 - INFO - Epoch [4/50] - Train Loss: 0.0414 - Val Loss: 0.0314
2025-02-27 13:45:34,423 - INFO - Epoch [5/50] - Train Loss: 0.0419 - Val Loss: 0.0220
2025-02-27 13:45:37,784 - INFO - Epoch [6/50] - Train Loss: 0.0417 - Val Loss: 0.0272
2025-02-27 13:45:37,784 - INFO - Early stopping triggered!
2025-02-27 13:45:37,785 - INFO - Training complete. Model saved.
2025-02-27 13:48:28,561 - INFO - Training started for baseline LSTM model
2025-02-27 13:48:29,391 - INFO - Model initialized. Training for 50 epochs.
2025-02-27 13:48:36,103 - INFO - Epoch [1/50] - Train Loss: 0.0811 - Val Loss: 0.0315
2025-02-27 13:48:47,854 - INFO - Epoch [2/50] - Train Loss: 0.0424 - Val Loss: 0.0195
2025-02-27 13:48:59,509 - INFO - Epoch [3/50] - Train Loss: 0.0418 - Val Loss: 0.0152
2025-02-27 13:49:10,213 - INFO - Epoch [4/50] - Train Loss: 0.0417 - Val Loss: 0.0203
2025-02-27 13:49:20,831 - INFO - Epoch [5/50] - Train Loss: 0.0419 - Val Loss: 0.0213
2025-02-27 13:49:31,576 - INFO - Epoch [6/50] - Train Loss: 0.0416 - Val Loss: 0.0205
2025-02-27 13:49:42,441 - INFO - Epoch [7/50] - Train Loss: 0.0414 - Val Loss: 0.0202
2025-02-27 13:49:53,228 - INFO - Epoch [8/50] - Train Loss: 0.0414 - Val Loss: 0.0160
2025-02-27 13:49:53,228 - INFO - Early stopping triggered!
2025-02-27 13:49:53,228 - INFO - Training complete. Model saved.
2025-02-27 13:55:49,092 - INFO - Training started for baseline LSTM model
2025-02-27 13:55:49,874 - INFO - Model initialized. Training for 50 epochs.
2025-02-27 13:55:55,511 - INFO - Epoch [1/50] - Train Loss: 0.0811 - Val Loss: 0.0299
2025-02-27 13:56:01,452 - INFO - Epoch [2/50] - Train Loss: 0.0414 - Val Loss: 0.0209
2025-02-27 13:56:07,437 - INFO - Epoch [3/50] - Train Loss: 0.0419 - Val Loss: 0.0219
2025-02-27 13:56:13,937 - INFO - Epoch [4/50] - Train Loss: 0.0427 - Val Loss: 0.0254
2025-02-27 13:56:22,270 - INFO - Epoch [5/50] - Train Loss: 0.0414 - Val Loss: 0.0242
2025-02-27 13:56:31,097 - INFO - Epoch [6/50] - Train Loss: 0.0413 - Val Loss: 0.0166
2025-02-27 13:56:38,898 - INFO - Epoch [7/50] - Train Loss: 0.0411 - Val Loss: 0.0217
2025-02-27 13:56:47,295 - INFO - Epoch [8/50] - Train Loss: 0.0409 - Val Loss: 0.0090
2025-02-27 13:56:55,655 - INFO - Epoch [9/50] - Train Loss: 0.0414 - Val Loss: 0.0252
2025-02-27 13:57:04,873 - INFO - Epoch [10/50] - Train Loss: 0.0408 - Val Loss: 0.0164
2025-02-27 13:57:13,829 - INFO - Epoch [11/50] - Train Loss: 0.0410 - Val Loss: 0.0164
2025-02-27 13:57:24,356 - INFO - Epoch [12/50] - Train Loss: 0.0409 - Val Loss: 0.0259
2025-02-27 13:57:35,285 - INFO - Epoch [13/50] - Train Loss: 0.0411 - Val Loss: 0.0250
2025-02-27 13:57:35,285 - INFO - Early stopping triggered!
2025-02-27 13:57:35,285 - INFO - Training complete. Model saved.
2025-02-27 14:00:11,887 - INFO - Training started for baseline LSTM model
2025-02-27 14:00:31,288 - INFO - Training started for baseline LSTM model
2025-02-27 14:00:32,096 - INFO - Model initialized. Training for 50 epochs.
2025-02-27 14:00:38,580 - INFO - Epoch [1/50] - Train Loss: 0.0648 - Val Loss: 0.0164
2025-02-27 14:00:46,555 - INFO - Epoch [2/50] - Train Loss: 0.0423 - Val Loss: 0.0170
2025-02-27 14:00:54,788 - INFO - Epoch [3/50] - Train Loss: 0.0419 - Val Loss: 0.0204
2025-02-27 14:01:03,416 - INFO - Epoch [4/50] - Train Loss: 0.0419 - Val Loss: 0.0116
2025-02-27 14:01:12,431 - INFO - Epoch [5/50] - Train Loss: 0.0424 - Val Loss: 0.0143
2025-02-27 14:01:21,615 - INFO - Epoch [6/50] - Train Loss: 0.0422 - Val Loss: 0.0192
2025-02-27 14:01:30,987 - INFO - Epoch [7/50] - Train Loss: 0.0421 - Val Loss: 0.0132
2025-02-27 14:01:40,629 - INFO - Epoch [8/50] - Train Loss: 0.0415 - Val Loss: 0.0193
2025-02-27 14:01:50,522 - INFO - Epoch [9/50] - Train Loss: 0.0416 - Val Loss: 0.0209
2025-02-27 14:01:50,523 - INFO - Early stopping triggered!
2025-02-27 14:01:50,523 - INFO - Training complete. Model saved.
2025-02-27 14:04:17,535 - INFO - Training started for baseline LSTM model
2025-02-27 14:05:02,769 - INFO - Training started for baseline LSTM model
2025-02-27 14:05:03,595 - INFO - Model initialized. Training for 50 epochs.
2025-02-27 14:05:09,574 - INFO - Epoch [1/50] - Train Loss: 0.0754 - Val Loss: 0.0203
2025-02-27 14:05:16,681 - INFO - Epoch [2/50] - Train Loss: 0.0415 - Val Loss: 0.0152
2025-02-27 14:05:24,138 - INFO - Epoch [3/50] - Train Loss: 0.0417 - Val Loss: 0.0309
2025-02-27 14:05:31,993 - INFO - Epoch [4/50] - Train Loss: 0.0421 - Val Loss: 0.0298
2025-02-27 14:05:41,209 - INFO - Epoch [5/50] - Train Loss: 0.0416 - Val Loss: 0.0217
2025-02-27 14:05:50,733 - INFO - Epoch [6/50] - Train Loss: 0.0412 - Val Loss: 0.0186
2025-02-27 14:06:00,277 - INFO - Epoch [7/50] - Train Loss: 0.0417 - Val Loss: 0.0138
2025-02-27 14:06:10,307 - INFO - Epoch [8/50] - Train Loss: 0.0412 - Val Loss: 0.0160
2025-02-27 14:06:20,592 - INFO - Epoch [9/50] - Train Loss: 0.0412 - Val Loss: 0.0180
2025-02-27 14:06:30,944 - INFO - Epoch [10/50] - Train Loss: 0.0409 - Val Loss: 0.0261
2025-02-27 14:06:41,486 - INFO - Epoch [11/50] - Train Loss: 0.0415 - Val Loss: 0.0282
2025-02-27 14:06:53,180 - INFO - Epoch [12/50] - Train Loss: 0.0412 - Val Loss: 0.0209
2025-02-27 14:06:53,181 - INFO - Early stopping triggered!
2025-02-27 14:06:53,181 - INFO - Training complete. Model saved.
2025-02-28 10:57:17,424 - INFO - Training started for baseline LSTM model
2025-02-28 10:57:18,228 - INFO - Model initialized. Training for 50 epochs.
2025-02-28 10:57:23,966 - INFO - Epoch [1/50] - Train Loss: 0.0433 - Val Loss: 0.0036
2025-02-28 10:57:30,087 - INFO - Epoch [2/50] - Train Loss: 0.0044 - Val Loss: 0.0008
2025-02-28 10:57:36,452 - INFO - Epoch [3/50] - Train Loss: 0.0033 - Val Loss: 0.0009
2025-02-28 10:57:42,655 - INFO - Epoch [4/50] - Train Loss: 0.0033 - Val Loss: 0.0009
2025-02-28 10:57:49,081 - INFO - Epoch [5/50] - Train Loss: 0.0032 - Val Loss: 0.0008
2025-02-28 10:57:55,701 - INFO - Epoch [6/50] - Train Loss: 0.0032 - Val Loss: 0.0010
2025-02-28 10:58:02,312 - INFO - Epoch [7/50] - Train Loss: 0.0031 - Val Loss: 0.0008
2025-02-28 10:58:09,225 - INFO - Epoch [8/50] - Train Loss: 0.0027 - Val Loss: 0.0009
2025-02-28 10:58:16,362 - INFO - Epoch [9/50] - Train Loss: 0.0027 - Val Loss: 0.0016
2025-02-28 10:58:23,322 - INFO - Epoch [10/50] - Train Loss: 0.0023 - Val Loss: 0.0007
2025-02-28 10:58:30,304 - INFO - Epoch [11/50] - Train Loss: 0.0030 - Val Loss: 0.0009
2025-02-28 10:58:37,415 - INFO - Epoch [12/50] - Train Loss: 0.0030 - Val Loss: 0.0013
2025-02-28 10:58:44,837 - INFO - Epoch [13/50] - Train Loss: 0.0027 - Val Loss: 0.0010
2025-02-28 10:58:52,003 - INFO - Epoch [14/50] - Train Loss: 0.0026 - Val Loss: 0.0008
2025-02-28 10:58:59,218 - INFO - Epoch [15/50] - Train Loss: 0.0029 - Val Loss: 0.0008
2025-02-28 10:58:59,218 - INFO - Early stopping triggered!
2025-02-28 10:58:59,220 - INFO - Training complete. Running evaluation...
2025-02-28 10:58:59,454 - INFO - Evaluation complete. Predictions saved to predictions_baseline_lstm.csv.
2025-02-28 10:59:39,823 - INFO - Training started for baseline LSTM model
2025-02-28 10:59:40,727 - INFO - Model initialized. Training for 50 epochs.
2025-02-28 10:59:44,826 - INFO - Epoch [1/50] - Train Loss: 0.0398 - Val Loss: 0.0013
2025-02-28 10:59:48,614 - INFO - Epoch [2/50] - Train Loss: 0.0034 - Val Loss: 0.0010
2025-02-28 10:59:52,467 - INFO - Epoch [3/50] - Train Loss: 0.0033 - Val Loss: 0.0010
2025-02-28 10:59:56,148 - INFO - Epoch [4/50] - Train Loss: 0.0034 - Val Loss: 0.0008
2025-02-28 10:59:59,956 - INFO - Epoch [5/50] - Train Loss: 0.0033 - Val Loss: 0.0008
2025-02-28 11:00:04,038 - INFO - Epoch [6/50] - Train Loss: 0.0032 - Val Loss: 0.0023
2025-02-28 11:00:08,564 - INFO - Epoch [7/50] - Train Loss: 0.0031 - Val Loss: 0.0023
2025-02-28 11:00:13,992 - INFO - Epoch [8/50] - Train Loss: 0.0029 - Val Loss: 0.0007
2025-02-28 11:00:19,751 - INFO - Epoch [9/50] - Train Loss: 0.0035 - Val Loss: 0.0007
2025-02-28 11:00:26,241 - INFO - Epoch [10/50] - Train Loss: 0.0030 - Val Loss: 0.0024
2025-02-28 11:00:32,952 - INFO - Epoch [11/50] - Train Loss: 0.0036 - Val Loss: 0.0015
2025-02-28 11:00:39,795 - INFO - Epoch [12/50] - Train Loss: 0.0023 - Val Loss: 0.0013
2025-02-28 11:00:46,566 - INFO - Epoch [13/50] - Train Loss: 0.0030 - Val Loss: 0.0011
2025-02-28 11:00:53,335 - INFO - Epoch [14/50] - Train Loss: 0.0031 - Val Loss: 0.0007
2025-02-28 11:00:53,335 - INFO - Early stopping triggered!
2025-02-28 11:00:53,337 - INFO - Training complete. Running evaluation...
2025-02-28 11:00:53,594 - INFO - Evaluation complete. Predictions saved to predictions_baseline_lstm.csv.
2025-02-28 11:29:44,841 - INFO - Training started for baseline LSTM model
2025-02-28 11:29:45,677 - INFO - Model initialized. Training for 50 epochs.
2025-02-28 11:29:59,575 - INFO - Epoch [1/50] - Train Loss: 0.0696 - Val Loss: 0.0040
2025-02-28 11:30:14,753 - INFO - Epoch [2/50] - Train Loss: 0.0045 - Val Loss: 0.0026
2025-02-28 11:30:28,762 - INFO - Epoch [3/50] - Train Loss: 0.0042 - Val Loss: 0.0031
2025-02-28 11:30:42,759 - INFO - Epoch [4/50] - Train Loss: 0.0043 - Val Loss: 0.0008
2025-02-28 11:30:56,682 - INFO - Epoch [5/50] - Train Loss: 0.0036 - Val Loss: 0.0012
2025-02-28 11:31:10,467 - INFO - Epoch [6/50] - Train Loss: 0.0043 - Val Loss: 0.0021
2025-02-28 11:31:25,305 - INFO - Epoch [7/50] - Train Loss: 0.0022 - Val Loss: 0.0009
2025-02-28 11:31:42,485 - INFO - Epoch [8/50] - Train Loss: 0.0026 - Val Loss: 0.0008
2025-02-28 11:32:00,118 - INFO - Epoch [9/50] - Train Loss: 0.0031 - Val Loss: 0.0009
2025-02-28 11:32:00,118 - INFO - Early stopping triggered!
2025-02-28 11:32:00,119 - INFO - Training complete. Running evaluation...
2025-02-28 11:32:00,382 - INFO - Evaluation complete. Predictions saved to predictions_baseline_lstm.csv.
